-------------------------------------------------------------------------------
Test set: com.ncu.calc_interface.calculator_interface.AppTest
-------------------------------------------------------------------------------
Tests run: 1, Failures: 1, Errors: 0, Skipped: 0, Time elapsed: 0.049 s <<< FAILURE! - in com.ncu.calc_interface.calculator_interface.AppTest
testAdd(com.ncu.calc_interface.calculator_interface.AppTest)  Time elapsed: 0.007 s  <<< FAILURE!
java.lang.AssertionError: expected:<1> but was:<15>
	at com.ncu.calc_interface.calculator_interface.AppTest.testAdd(AppTest.java:22)

