<?xml version="1.0" encoding="UTF-8"?>
<testsuite xmlns:xsi="http://www.w3.org/2001/XMLSchema-instance" xsi:noNamespaceSchemaLocation="https://maven.apache.org/surefire/maven-surefire-plugin/xsd/surefire-test-report.xsd" name="com.ncu.calc_interface.calculator_interface.AppTest" time="0.049" tests="1" errors="0" skipped="0" failures="1">
  <properties>
[...]
</properties>
  <testcase name="testAdd" classname="com.ncu.calc_interface.calculator_interface.AppTest" time="0.007">
    <failure message="expected:&lt;1&gt; but was:&lt;15&gt;" type="java.lang.AssertionError"><![CDATA[java.lang.AssertionError: expected:<1> but was:<15>
	at com.ncu.calc_interface.calculator_interface.AppTest.testAdd(AppTest.java:22)
]]></failure>
  </testcase>
</testsuite>